[0.616s] Invoking command in '/home/naoki/ros2_ws/src/mypkg': PYTHONPATH=/home/naoki/ros2_ws/build/mypkg/prefix_override:/usr/lib/python3/dist-packages/colcon_core/task/python/colcon_distutils_commands:/home/naoki/ros2_ws/install/mypkg/lib/python3.8/site-packages:${PYTHONPATH} /usr/bin/python3 -W ignore:setup.py install is deprecated setup.py egg_info --egg-base ../../build/mypkg build --build-base /home/naoki/ros2_ws/build/mypkg/build install --record /home/naoki/ros2_ws/build/mypkg/install.log --install-scripts $base/lib/mypkg --single-version-externally-managed install_data
[0.765s] running egg_info
[0.766s] writing ../../build/mypkg/mypkg.egg-info/PKG-INFO
[0.768s] writing dependency_links to ../../build/mypkg/mypkg.egg-info/dependency_links.txt
[0.768s] writing entry points to ../../build/mypkg/mypkg.egg-info/entry_points.txt
[0.768s] writing requirements to ../../build/mypkg/mypkg.egg-info/requires.txt
[0.768s] writing top-level names to ../../build/mypkg/mypkg.egg-info/top_level.txt
[0.812s] reading manifest file '../../build/mypkg/mypkg.egg-info/SOURCES.txt'
[0.815s] writing manifest file '../../build/mypkg/mypkg.egg-info/SOURCES.txt'
[0.816s] running build
[0.816s] running build_py
[0.816s] running install
[0.817s] running install_lib
[0.818s] running install_data
[0.819s] running install_egg_info
[0.821s] removing '/home/naoki/ros2_ws/install/mypkg/lib/python3.8/site-packages/mypkg-0.0.0-py3.8.egg-info' (and everything under it)
[0.822s] Copying ../../build/mypkg/mypkg.egg-info to /home/naoki/ros2_ws/install/mypkg/lib/python3.8/site-packages/mypkg-0.0.0-py3.8.egg-info
[0.823s] running install_scripts
[0.838s] Installing listener script to /home/naoki/ros2_ws/install/mypkg/lib/mypkg
[0.838s] Installing talker script to /home/naoki/ros2_ws/install/mypkg/lib/mypkg
[0.839s] writing list of installed files to '/home/naoki/ros2_ws/build/mypkg/install.log'
[0.858s] Invoked command in '/home/naoki/ros2_ws/src/mypkg' returned '0': PYTHONPATH=/home/naoki/ros2_ws/build/mypkg/prefix_override:/usr/lib/python3/dist-packages/colcon_core/task/python/colcon_distutils_commands:/home/naoki/ros2_ws/install/mypkg/lib/python3.8/site-packages:${PYTHONPATH} /usr/bin/python3 -W ignore:setup.py install is deprecated setup.py egg_info --egg-base ../../build/mypkg build --build-base /home/naoki/ros2_ws/build/mypkg/build install --record /home/naoki/ros2_ws/build/mypkg/install.log --install-scripts $base/lib/mypkg --single-version-externally-managed install_data
