[0.678s] Invoking command in '/home/naoki/ros2_ws/src/mypkg': PYTHONPATH=/home/naoki/ros2_ws/build/mypkg/prefix_override:/usr/lib/python3/dist-packages/colcon_core/task/python/colcon_distutils_commands:/home/naoki/ros2_ws/install/mypkg/lib/python3.8/site-packages:${PYTHONPATH} /usr/bin/python3 -W ignore:setup.py install is deprecated setup.py egg_info --egg-base ../../build/mypkg build --build-base /home/naoki/ros2_ws/build/mypkg/build install --record /home/naoki/ros2_ws/build/mypkg/install.log --install-scripts $base/lib/mypkg --single-version-externally-managed install_data
[0.888s] running egg_info
[0.888s] writing ../../build/mypkg/mypkg.egg-info/PKG-INFO
[0.889s] writing dependency_links to ../../build/mypkg/mypkg.egg-info/dependency_links.txt
[0.889s] writing entry points to ../../build/mypkg/mypkg.egg-info/entry_points.txt
[0.889s] writing requirements to ../../build/mypkg/mypkg.egg-info/requires.txt
[0.890s] writing top-level names to ../../build/mypkg/mypkg.egg-info/top_level.txt
[0.930s] reading manifest file '../../build/mypkg/mypkg.egg-info/SOURCES.txt'
[0.931s] writing manifest file '../../build/mypkg/mypkg.egg-info/SOURCES.txt'
[0.931s] running build
[0.931s] running build_py
[0.932s] running install
[0.933s] running install_lib
[0.935s] running install_data
[0.935s] running install_egg_info
[0.937s] removing '/home/naoki/ros2_ws/install/mypkg/lib/python3.8/site-packages/mypkg-0.0.0-py3.8.egg-info' (and everything under it)
[0.938s] Copying ../../build/mypkg/mypkg.egg-info to /home/naoki/ros2_ws/install/mypkg/lib/python3.8/site-packages/mypkg-0.0.0-py3.8.egg-info
[0.939s] running install_scripts
[0.958s] Installing listener script to /home/naoki/ros2_ws/install/mypkg/lib/mypkg
[0.958s] Installing talker script to /home/naoki/ros2_ws/install/mypkg/lib/mypkg
[0.959s] writing list of installed files to '/home/naoki/ros2_ws/build/mypkg/install.log'
[0.982s] Invoked command in '/home/naoki/ros2_ws/src/mypkg' returned '0': PYTHONPATH=/home/naoki/ros2_ws/build/mypkg/prefix_override:/usr/lib/python3/dist-packages/colcon_core/task/python/colcon_distutils_commands:/home/naoki/ros2_ws/install/mypkg/lib/python3.8/site-packages:${PYTHONPATH} /usr/bin/python3 -W ignore:setup.py install is deprecated setup.py egg_info --egg-base ../../build/mypkg build --build-base /home/naoki/ros2_ws/build/mypkg/build install --record /home/naoki/ros2_ws/build/mypkg/install.log --install-scripts $base/lib/mypkg --single-version-externally-managed install_data
