[0.300s] Invoking command in '/home/naoki/ros2_ws/build/person_msgs': CMAKE_PREFIX_PATH=/home/naoki/ros2_ws/install/mypkg:/opt/ros/foxy /usr/bin/cmake /home/naoki/ros2_ws/src/person_msgs -DCMAKE_INSTALL_PREFIX=/home/naoki/ros2_ws/install/person_msgs
[0.792s] -- The C compiler identification is GNU 9.4.0
[1.107s] -- The CXX compiler identification is GNU 9.4.0
[1.190s] -- Check for working C compiler: /usr/bin/cc
[1.348s] -- Check for working C compiler: /usr/bin/cc -- works
[1.352s] -- Detecting C compiler ABI info
[1.500s] -- Detecting C compiler ABI info - done
[1.518s] -- Detecting C compile features
[1.519s] -- Detecting C compile features - done
[1.525s] -- Check for working CXX compiler: /usr/bin/c++
[1.677s] -- Check for working CXX compiler: /usr/bin/c++ -- works
[1.679s] -- Detecting CXX compiler ABI info
[1.841s] -- Detecting CXX compiler ABI info - done
[1.851s] -- Detecting CXX compile features
[1.852s] -- Detecting CXX compile features - done
[1.886s] -- Found ament_cmake: 0.9.12 (/opt/ros/foxy/share/ament_cmake/cmake)
[1.934s] -- Found PythonInterp: /usr/bin/python3 (found suitable version "3.8.10", minimum required is "3") 
[1.935s] -- Using PYTHON_EXECUTABLE: /usr/bin/python3
[2.226s] -- Found rosidl_default_generators: 1.0.1 (/opt/ros/foxy/share/rosidl_default_generators/cmake)
[2.238s] -- Using all available rosidl_typesupport_c: rosidl_typesupport_fastrtps_c;rosidl_typesupport_introspection_c
[2.255s] -- Found rosidl_adapter: 1.3.1 (/opt/ros/foxy/share/rosidl_adapter/cmake)
[3.198s] -- Found OpenSSL: /usr/lib/x86_64-linux-gnu/libcrypto.so (found version "1.1.1f")  
[3.853s] -- Found FastRTPS: /opt/ros/foxy/include  
[5.175s] -- Using all available rosidl_typesupport_cpp: rosidl_typesupport_fastrtps_cpp;rosidl_typesupport_introspection_cpp
[5.257s] -- Found PythonInterp: /usr/bin/python3 (found version "3.8.10") 
[5.724s] CMake Error at /opt/ros/foxy/share/rosidl_adapter/cmake/rosidl_adapt_interfaces.cmake:60 (message):
[5.724s]   execute_process(/usr/bin/python3 -m rosidl_adapter --package-name
[5.724s]   person_msgs --arguments-file
[5.724s]   /home/naoki/ros2_ws/build/person_msgs/rosidl_adapter__arguments__person_msgs.json
[5.724s]   --output-dir
[5.724s]   /home/naoki/ros2_ws/build/person_msgs/rosidl_adapter/person_msgs
[5.724s]   --output-file
[5.725s]   /home/naoki/ros2_ws/build/person_msgs/rosidl_adapter/person_msgs.idls)
[5.725s]   returned error code 1:
[5.725s] 
[5.725s]   Error processing 'tring name' of 'person_msgs/Person': ''tring' is an
[5.725s]   invalid message name.  It should have the pattern '^[A-Z][A-Za-z0-9]*$''
[5.725s] 
[5.725s]   Traceback (most recent call last):
[5.725s] 
[5.725s]     File "/usr/lib/python3.8/runpy.py", line 194, in _run_module_as_main
[5.726s]       return _run_code(code, main_globals, None,
[5.726s]     File "/usr/lib/python3.8/runpy.py", line 87, in _run_code
[5.726s]       exec(code, run_globals)
[5.726s]     File "/opt/ros/foxy/lib/python3.8/site-packages/rosidl_adapter/__main__.py", line 19, in <module>
[5.726s]       sys.exit(main())
[5.726s]     File "/opt/ros/foxy/lib/python3.8/site-packages/rosidl_adapter/main.py", line 53, in main
[5.726s]       abs_idl_file = convert_to_idl(
[5.726s]     File "/opt/ros/foxy/lib/python3.8/site-packages/rosidl_adapter/__init__.py", line 19, in convert_to_idl
[5.726s]       return convert_msg_to_idl(
[5.726s]     File "/opt/ros/foxy/lib/python3.8/site-packages/rosidl_adapter/msg/__init__.py", line 28, in convert_msg_to_idl
[5.726s]       msg = parse_message_string(package_name, input_file.stem, content)
[5.727s]     File "/opt/ros/foxy/lib/python3.8/site-packages/rosidl_adapter/parser.py", line 516, in parse_message_string
[5.727s]       Type(type_string, context_package_name=pkg_name),
[5.727s]     File "/opt/ros/foxy/lib/python3.8/site-packages/rosidl_adapter/parser.py", line 276, in __init__
[5.727s]       super(Type, self).__init__(
[5.727s]     File "/opt/ros/foxy/lib/python3.8/site-packages/rosidl_adapter/parser.py", line 204, in __init__
[5.727s]       raise InvalidResourceName(
[5.727s] 
[5.727s]   rosidl_adapter.parser.InvalidResourceName: 'tring' is an invalid message
[5.727s]   name.  It should have the pattern '^[A-Z][A-Za-z0-9]*$'
[5.727s] 
[5.727s] Call Stack (most recent call first):
[5.727s]   /opt/ros/foxy/share/rosidl_cmake/cmake/rosidl_generate_interfaces.cmake:130 (rosidl_adapt_interfaces)
[5.728s]   CMakeLists.txt:21 (rosidl_generate_interfaces)
[5.728s] 
[5.728s] 
[5.728s] -- Configuring incomplete, errors occurred!
[5.728s] See also "/home/naoki/ros2_ws/build/person_msgs/CMakeFiles/CMakeOutput.log".
[5.738s] Invoked command in '/home/naoki/ros2_ws/build/person_msgs' returned '1': CMAKE_PREFIX_PATH=/home/naoki/ros2_ws/install/mypkg:/opt/ros/foxy /usr/bin/cmake /home/naoki/ros2_ws/src/person_msgs -DCMAKE_INSTALL_PREFIX=/home/naoki/ros2_ws/install/person_msgs
