[0.691s] Invoking command in '/home/naoki/ros2_ws/src/mypkg': PYTHONPATH=/home/naoki/ros2_ws/build/mypkg/prefix_override:/usr/lib/python3/dist-packages/colcon_core/task/python/colcon_distutils_commands:/home/naoki/ros2_ws/install/mypkg/lib/python3.8/site-packages:${PYTHONPATH} /usr/bin/python3 -W ignore:setup.py install is deprecated setup.py egg_info --egg-base ../../build/mypkg build --build-base /home/naoki/ros2_ws/build/mypkg/build install --record /home/naoki/ros2_ws/build/mypkg/install.log --install-scripts $base/lib/mypkg --single-version-externally-managed install_data
[0.918s] running egg_info
[0.920s] writing ../../build/mypkg/mypkg.egg-info/PKG-INFO
[0.921s] writing dependency_links to ../../build/mypkg/mypkg.egg-info/dependency_links.txt
[0.921s] writing entry points to ../../build/mypkg/mypkg.egg-info/entry_points.txt
[0.921s] writing requirements to ../../build/mypkg/mypkg.egg-info/requires.txt
[0.921s] writing top-level names to ../../build/mypkg/mypkg.egg-info/top_level.txt
[0.963s] reading manifest file '../../build/mypkg/mypkg.egg-info/SOURCES.txt'
[0.964s] writing manifest file '../../build/mypkg/mypkg.egg-info/SOURCES.txt'
[0.965s] running build
[0.965s] running build_py
[0.966s] running install
[0.967s] running install_lib
[0.969s] running install_data
[0.970s] running install_egg_info
[0.972s] removing '/home/naoki/ros2_ws/install/mypkg/lib/python3.8/site-packages/mypkg-0.0.0-py3.8.egg-info' (and everything under it)
[0.974s] Copying ../../build/mypkg/mypkg.egg-info to /home/naoki/ros2_ws/install/mypkg/lib/python3.8/site-packages/mypkg-0.0.0-py3.8.egg-info
[0.975s] running install_scripts
[0.993s] Installing listener script to /home/naoki/ros2_ws/install/mypkg/lib/mypkg
[0.995s] Installing talker script to /home/naoki/ros2_ws/install/mypkg/lib/mypkg
[0.995s] writing list of installed files to '/home/naoki/ros2_ws/build/mypkg/install.log'
[1.043s] Invoked command in '/home/naoki/ros2_ws/src/mypkg' returned '0': PYTHONPATH=/home/naoki/ros2_ws/build/mypkg/prefix_override:/usr/lib/python3/dist-packages/colcon_core/task/python/colcon_distutils_commands:/home/naoki/ros2_ws/install/mypkg/lib/python3.8/site-packages:${PYTHONPATH} /usr/bin/python3 -W ignore:setup.py install is deprecated setup.py egg_info --egg-base ../../build/mypkg build --build-base /home/naoki/ros2_ws/build/mypkg/build install --record /home/naoki/ros2_ws/build/mypkg/install.log --install-scripts $base/lib/mypkg --single-version-externally-managed install_data
