[0.927s] Invoking command in '/home/naoki/ros2_ws/src/mypkg': PYTHONPATH=/home/naoki/ros2_ws/build/mypkg/prefix_override:/usr/lib/python3/dist-packages/colcon_core/task/python/colcon_distutils_commands:/home/naoki/ros2_ws/install/mypkg/lib/python3.8/site-packages:${PYTHONPATH} /usr/bin/python3 -W ignore:setup.py install is deprecated setup.py egg_info --egg-base ../../build/mypkg build --build-base /home/naoki/ros2_ws/build/mypkg/build install --record /home/naoki/ros2_ws/build/mypkg/install.log --install-scripts $base/lib/mypkg --single-version-externally-managed install_data
[1.151s] running egg_info
[1.152s] creating ../../build/mypkg/mypkg.egg-info
[1.152s] writing ../../build/mypkg/mypkg.egg-info/PKG-INFO
[1.153s] writing dependency_links to ../../build/mypkg/mypkg.egg-info/dependency_links.txt
[1.153s] writing entry points to ../../build/mypkg/mypkg.egg-info/entry_points.txt
[1.154s] writing requirements to ../../build/mypkg/mypkg.egg-info/requires.txt
[1.154s] writing top-level names to ../../build/mypkg/mypkg.egg-info/top_level.txt
[1.172s] writing manifest file '../../build/mypkg/mypkg.egg-info/SOURCES.txt'
[1.212s] reading manifest file '../../build/mypkg/mypkg.egg-info/SOURCES.txt'
[1.213s] writing manifest file '../../build/mypkg/mypkg.egg-info/SOURCES.txt'
[1.213s] running build
[1.213s] running build_py
[1.214s] creating /home/naoki/ros2_ws/build/mypkg/build
[1.214s] creating /home/naoki/ros2_ws/build/mypkg/build/lib
[1.215s] creating /home/naoki/ros2_ws/build/mypkg/build/lib/mypkg
[1.215s] copying mypkg/__init__.py -> /home/naoki/ros2_ws/build/mypkg/build/lib/mypkg
[1.215s] running install
[1.217s] running install_lib
[1.219s] creating /home/naoki/ros2_ws/install/mypkg/lib/python3.8/site-packages/mypkg
[1.219s] copying /home/naoki/ros2_ws/build/mypkg/build/lib/mypkg/__init__.py -> /home/naoki/ros2_ws/install/mypkg/lib/python3.8/site-packages/mypkg
[1.220s] byte-compiling /home/naoki/ros2_ws/install/mypkg/lib/python3.8/site-packages/mypkg/__init__.py to __init__.cpython-38.pyc
[1.222s] running install_data
[1.223s] creating /home/naoki/ros2_ws/install/mypkg/share/ament_index
[1.223s] creating /home/naoki/ros2_ws/install/mypkg/share/ament_index/resource_index
[1.224s] creating /home/naoki/ros2_ws/install/mypkg/share/ament_index/resource_index/packages
[1.224s] copying resource/mypkg -> /home/naoki/ros2_ws/install/mypkg/share/ament_index/resource_index/packages
[1.224s] copying package.xml -> /home/naoki/ros2_ws/install/mypkg/share/mypkg
[1.224s] running install_egg_info
[1.226s] Copying ../../build/mypkg/mypkg.egg-info to /home/naoki/ros2_ws/install/mypkg/lib/python3.8/site-packages/mypkg-0.0.0-py3.8.egg-info
[1.227s] running install_scripts
[1.248s] writing list of installed files to '/home/naoki/ros2_ws/build/mypkg/install.log'
[1.275s] Invoked command in '/home/naoki/ros2_ws/src/mypkg' returned '0': PYTHONPATH=/home/naoki/ros2_ws/build/mypkg/prefix_override:/usr/lib/python3/dist-packages/colcon_core/task/python/colcon_distutils_commands:/home/naoki/ros2_ws/install/mypkg/lib/python3.8/site-packages:${PYTHONPATH} /usr/bin/python3 -W ignore:setup.py install is deprecated setup.py egg_info --egg-base ../../build/mypkg build --build-base /home/naoki/ros2_ws/build/mypkg/build install --record /home/naoki/ros2_ws/build/mypkg/install.log --install-scripts $base/lib/mypkg --single-version-externally-managed install_data
