[0.586s] Invoking command in '/home/naoki/ros2_ws/src/mypkg': PYTHONPATH=/home/naoki/ros2_ws/build/mypkg/prefix_override:/usr/lib/python3/dist-packages/colcon_core/task/python/colcon_distutils_commands:/home/naoki/ros2_ws/install/mypkg/lib/python3.8/site-packages:${PYTHONPATH} /usr/bin/python3 -W ignore:setup.py install is deprecated setup.py egg_info --egg-base ../../build/mypkg build --build-base /home/naoki/ros2_ws/build/mypkg/build install --record /home/naoki/ros2_ws/build/mypkg/install.log --install-scripts $base/lib/mypkg --single-version-externally-managed install_data
[0.748s] running egg_info
[0.749s] writing ../../build/mypkg/mypkg.egg-info/PKG-INFO
[0.750s] writing dependency_links to ../../build/mypkg/mypkg.egg-info/dependency_links.txt
[0.750s] writing entry points to ../../build/mypkg/mypkg.egg-info/entry_points.txt
[0.751s] writing requirements to ../../build/mypkg/mypkg.egg-info/requires.txt
[0.752s] writing top-level names to ../../build/mypkg/mypkg.egg-info/top_level.txt
[0.791s] reading manifest file '../../build/mypkg/mypkg.egg-info/SOURCES.txt'
[0.793s] writing manifest file '../../build/mypkg/mypkg.egg-info/SOURCES.txt'
[0.793s] running build
[0.793s] running build_py
[0.793s] running install
[0.794s] running install_lib
[0.796s] running install_data
[0.796s] running install_egg_info
[0.797s] removing '/home/naoki/ros2_ws/install/mypkg/lib/python3.8/site-packages/mypkg-0.0.0-py3.8.egg-info' (and everything under it)
[0.798s] Copying ../../build/mypkg/mypkg.egg-info to /home/naoki/ros2_ws/install/mypkg/lib/python3.8/site-packages/mypkg-0.0.0-py3.8.egg-info
[0.799s] running install_scripts
[0.818s] Installing listener script to /home/naoki/ros2_ws/install/mypkg/lib/mypkg
[0.818s] Installing talker script to /home/naoki/ros2_ws/install/mypkg/lib/mypkg
[0.819s] writing list of installed files to '/home/naoki/ros2_ws/build/mypkg/install.log'
[0.837s] Invoked command in '/home/naoki/ros2_ws/src/mypkg' returned '0': PYTHONPATH=/home/naoki/ros2_ws/build/mypkg/prefix_override:/usr/lib/python3/dist-packages/colcon_core/task/python/colcon_distutils_commands:/home/naoki/ros2_ws/install/mypkg/lib/python3.8/site-packages:${PYTHONPATH} /usr/bin/python3 -W ignore:setup.py install is deprecated setup.py egg_info --egg-base ../../build/mypkg build --build-base /home/naoki/ros2_ws/build/mypkg/build install --record /home/naoki/ros2_ws/build/mypkg/install.log --install-scripts $base/lib/mypkg --single-version-externally-managed install_data
