[0.335s] Invoking command in '/home/naoki/ros2_ws/build/person_msgs': CMAKE_PREFIX_PATH=${CMAKE_PREFIX_PATH}:/home/naoki/ros2_ws/install/mypkg:/opt/ros/foxy /usr/bin/cmake --build /home/naoki/ros2_ws/build/person_msgs -- -j12 -l12
[0.634s] [  3%] Built target person_msgs__cpp
[0.644s] [ 12%] Built target person_msgs__rosidl_generator_c
[0.676s] [ 22%] Built target person_msgs__rosidl_typesupport_c
[0.676s] [ 32%] Built target person_msgs__rosidl_typesupport_cpp
[0.683s] [ 41%] Built target person_msgs__rosidl_typesupport_introspection_cpp
[0.685s] [ 51%] Built target person_msgs__rosidl_typesupport_introspection_c
[0.696s] [ 61%] Built target person_msgs__rosidl_typesupport_fastrtps_cpp
[0.717s] [ 70%] Built target person_msgs__rosidl_typesupport_fastrtps_c
[0.733s] [ 70%] Built target person_msgs
[0.753s] [ 74%] Built target person_msgs__py
[0.781s] [ 80%] Built target person_msgs__python
[0.807s] [ 87%] Built target person_msgs__rosidl_typesupport_fastrtps_c__pyext
[0.807s] [ 93%] Built target person_msgs__rosidl_typesupport_c__pyext
[0.808s] [100%] Built target person_msgs__rosidl_typesupport_introspection_c__pyext
[0.818s] Invoked command in '/home/naoki/ros2_ws/build/person_msgs' returned '0': CMAKE_PREFIX_PATH=${CMAKE_PREFIX_PATH}:/home/naoki/ros2_ws/install/mypkg:/opt/ros/foxy /usr/bin/cmake --build /home/naoki/ros2_ws/build/person_msgs -- -j12 -l12
[0.870s] Invoking command in '/home/naoki/ros2_ws/build/person_msgs': CMAKE_PREFIX_PATH=${CMAKE_PREFIX_PATH}:/home/naoki/ros2_ws/install/mypkg:/opt/ros/foxy /usr/bin/cmake --install /home/naoki/ros2_ws/build/person_msgs
[0.876s] -- Install configuration: ""
[0.876s] -- Up-to-date: /home/naoki/ros2_ws/install/person_msgs/share/ament_index/resource_index/rosidl_interfaces/person_msgs
[0.877s] -- Up-to-date: /home/naoki/ros2_ws/install/person_msgs/include/person_msgs
[0.877s] -- Up-to-date: /home/naoki/ros2_ws/install/person_msgs/include/person_msgs/msg
[0.877s] -- Up-to-date: /home/naoki/ros2_ws/install/person_msgs/include/person_msgs/msg/detail
[0.877s] -- Up-to-date: /home/naoki/ros2_ws/install/person_msgs/include/person_msgs/msg/detail/person__functions.h
[0.878s] -- Up-to-date: /home/naoki/ros2_ws/install/person_msgs/include/person_msgs/msg/detail/person__struct.h
[0.878s] -- Up-to-date: /home/naoki/ros2_ws/install/person_msgs/include/person_msgs/msg/detail/person__functions.c
[0.878s] -- Up-to-date: /home/naoki/ros2_ws/install/person_msgs/include/person_msgs/msg/detail/person__type_support.h
[0.878s] -- Up-to-date: /home/naoki/ros2_ws/install/person_msgs/include/person_msgs/msg/rosidl_generator_c__visibility_control.h
[0.878s] -- Up-to-date: /home/naoki/ros2_ws/install/person_msgs/include/person_msgs/msg/person.h
[0.878s] -- Up-to-date: /home/naoki/ros2_ws/install/person_msgs/share/person_msgs/environment/library_path.sh
[0.878s] -- Up-to-date: /home/naoki/ros2_ws/install/person_msgs/share/person_msgs/environment/library_path.dsv
[0.879s] -- Up-to-date: /home/naoki/ros2_ws/install/person_msgs/lib/libperson_msgs__rosidl_generator_c.so
[0.879s] -- Up-to-date: /home/naoki/ros2_ws/install/person_msgs/include/person_msgs
[0.879s] -- Up-to-date: /home/naoki/ros2_ws/install/person_msgs/include/person_msgs/msg
[0.879s] -- Up-to-date: /home/naoki/ros2_ws/install/person_msgs/include/person_msgs/msg/detail
[0.879s] -- Up-to-date: /home/naoki/ros2_ws/install/person_msgs/include/person_msgs/msg/detail/person__rosidl_typesupport_fastrtps_c.h
[0.879s] -- Up-to-date: /home/naoki/ros2_ws/install/person_msgs/include/person_msgs/msg/rosidl_typesupport_fastrtps_c__visibility_control.h
[0.880s] -- Up-to-date: /home/naoki/ros2_ws/install/person_msgs/lib/libperson_msgs__rosidl_typesupport_fastrtps_c.so
[0.880s] -- Up-to-date: /home/naoki/ros2_ws/install/person_msgs/include/person_msgs
[0.881s] -- Up-to-date: /home/naoki/ros2_ws/install/person_msgs/include/person_msgs/msg
[0.881s] -- Up-to-date: /home/naoki/ros2_ws/install/person_msgs/include/person_msgs/msg/detail
[0.881s] -- Up-to-date: /home/naoki/ros2_ws/install/person_msgs/include/person_msgs/msg/detail/dds_fastrtps
[0.881s] -- Up-to-date: /home/naoki/ros2_ws/install/person_msgs/include/person_msgs/msg/detail/person__rosidl_typesupport_fastrtps_cpp.hpp
[0.881s] -- Up-to-date: /home/naoki/ros2_ws/install/person_msgs/include/person_msgs/msg/rosidl_typesupport_fastrtps_cpp__visibility_control.h
[0.883s] -- Up-to-date: /home/naoki/ros2_ws/install/person_msgs/lib/libperson_msgs__rosidl_typesupport_fastrtps_cpp.so
[0.883s] -- Up-to-date: /home/naoki/ros2_ws/install/person_msgs/include/person_msgs
[0.883s] -- Up-to-date: /home/naoki/ros2_ws/install/person_msgs/include/person_msgs/msg
[0.883s] -- Up-to-date: /home/naoki/ros2_ws/install/person_msgs/include/person_msgs/msg/detail
[0.883s] -- Up-to-date: /home/naoki/ros2_ws/install/person_msgs/include/person_msgs/msg/detail/person__rosidl_typesupport_introspection_c.h
[0.883s] -- Up-to-date: /home/naoki/ros2_ws/install/person_msgs/include/person_msgs/msg/detail/person__type_support.c
[0.883s] -- Up-to-date: /home/naoki/ros2_ws/install/person_msgs/include/person_msgs/msg/rosidl_typesupport_introspection_c__visibility_control.h
[0.884s] -- Up-to-date: /home/naoki/ros2_ws/install/person_msgs/lib/libperson_msgs__rosidl_typesupport_introspection_c.so
[0.885s] -- Up-to-date: /home/naoki/ros2_ws/install/person_msgs/lib/libperson_msgs__rosidl_typesupport_c.so
[0.885s] -- Up-to-date: /home/naoki/ros2_ws/install/person_msgs/include/person_msgs
[0.886s] -- Up-to-date: /home/naoki/ros2_ws/install/person_msgs/include/person_msgs/msg
[0.886s] -- Up-to-date: /home/naoki/ros2_ws/install/person_msgs/include/person_msgs/msg/detail
[0.886s] -- Up-to-date: /home/naoki/ros2_ws/install/person_msgs/include/person_msgs/msg/detail/person__builder.hpp
[0.886s] -- Up-to-date: /home/naoki/ros2_ws/install/person_msgs/include/person_msgs/msg/detail/person__traits.hpp
[0.886s] -- Up-to-date: /home/naoki/ros2_ws/install/person_msgs/include/person_msgs/msg/detail/person__struct.hpp
[0.886s] -- Up-to-date: /home/naoki/ros2_ws/install/person_msgs/include/person_msgs/msg/detail/person__type_support.hpp
[0.886s] -- Up-to-date: /home/naoki/ros2_ws/install/person_msgs/include/person_msgs/msg/rosidl_generator_cpp__visibility_control.hpp
[0.886s] -- Up-to-date: /home/naoki/ros2_ws/install/person_msgs/include/person_msgs/msg/person.hpp
[0.886s] -- Up-to-date: /home/naoki/ros2_ws/install/person_msgs/include/person_msgs
[0.886s] -- Up-to-date: /home/naoki/ros2_ws/install/person_msgs/include/person_msgs/msg
[0.886s] -- Up-to-date: /home/naoki/ros2_ws/install/person_msgs/include/person_msgs/msg/detail
[0.887s] -- Up-to-date: /home/naoki/ros2_ws/install/person_msgs/include/person_msgs/msg/detail/person__type_support.cpp
[0.887s] -- Up-to-date: /home/naoki/ros2_ws/install/person_msgs/include/person_msgs/msg/detail/person__rosidl_typesupport_introspection_cpp.hpp
[0.887s] -- Up-to-date: /home/naoki/ros2_ws/install/person_msgs/lib/libperson_msgs__rosidl_typesupport_introspection_cpp.so
[0.887s] -- Up-to-date: /home/naoki/ros2_ws/install/person_msgs/lib/libperson_msgs__rosidl_typesupport_cpp.so
[0.888s] -- Up-to-date: /home/naoki/ros2_ws/install/person_msgs/share/person_msgs/environment/pythonpath.sh
[0.888s] -- Up-to-date: /home/naoki/ros2_ws/install/person_msgs/share/person_msgs/environment/pythonpath.dsv
[0.888s] -- Up-to-date: /home/naoki/ros2_ws/install/person_msgs/lib/python3.8/site-packages/person_msgs/__init__.py
[0.919s] -- Up-to-date: /home/naoki/ros2_ws/install/person_msgs/lib/python3.8/site-packages/person_msgs/msg
[0.919s] -- Up-to-date: /home/naoki/ros2_ws/install/person_msgs/lib/python3.8/site-packages/person_msgs/msg/_person_s.c
[0.920s] -- Up-to-date: /home/naoki/ros2_ws/install/person_msgs/lib/python3.8/site-packages/person_msgs/msg/_person.py
[0.920s] -- Up-to-date: /home/naoki/ros2_ws/install/person_msgs/lib/python3.8/site-packages/person_msgs/msg/__init__.py
[0.920s] -- Up-to-date: /home/naoki/ros2_ws/install/person_msgs/lib/python3.8/site-packages/person_msgs/person_msgs_s__rosidl_typesupport_fastrtps_c.cpython-38-x86_64-linux-gnu.so
[0.921s] -- Up-to-date: /home/naoki/ros2_ws/install/person_msgs/lib/python3.8/site-packages/person_msgs/person_msgs_s__rosidl_typesupport_introspection_c.cpython-38-x86_64-linux-gnu.so
[0.922s] -- Up-to-date: /home/naoki/ros2_ws/install/person_msgs/lib/python3.8/site-packages/person_msgs/person_msgs_s__rosidl_typesupport_c.cpython-38-x86_64-linux-gnu.so
[0.923s] -- Up-to-date: /home/naoki/ros2_ws/install/person_msgs/lib/libperson_msgs__python.so
[0.924s] -- Up-to-date: /home/naoki/ros2_ws/install/person_msgs/share/person_msgs/msg/Person.idl
[0.924s] -- Up-to-date: /home/naoki/ros2_ws/install/person_msgs/share/person_msgs/msg/Person.msg
[0.924s] -- Up-to-date: /home/naoki/ros2_ws/install/person_msgs/share/ament_index/resource_index/package_run_dependencies/person_msgs
[0.924s] -- Up-to-date: /home/naoki/ros2_ws/install/person_msgs/share/ament_index/resource_index/parent_prefix_path/person_msgs
[0.924s] -- Up-to-date: /home/naoki/ros2_ws/install/person_msgs/share/person_msgs/environment/ament_prefix_path.sh
[0.925s] -- Up-to-date: /home/naoki/ros2_ws/install/person_msgs/share/person_msgs/environment/ament_prefix_path.dsv
[0.925s] -- Up-to-date: /home/naoki/ros2_ws/install/person_msgs/share/person_msgs/environment/path.sh
[0.925s] -- Up-to-date: /home/naoki/ros2_ws/install/person_msgs/share/person_msgs/environment/path.dsv
[0.925s] -- Up-to-date: /home/naoki/ros2_ws/install/person_msgs/share/person_msgs/local_setup.bash
[0.925s] -- Up-to-date: /home/naoki/ros2_ws/install/person_msgs/share/person_msgs/local_setup.sh
[0.925s] -- Up-to-date: /home/naoki/ros2_ws/install/person_msgs/share/person_msgs/local_setup.zsh
[0.925s] -- Up-to-date: /home/naoki/ros2_ws/install/person_msgs/share/person_msgs/local_setup.dsv
[0.925s] -- Installing: /home/naoki/ros2_ws/install/person_msgs/share/person_msgs/package.dsv
[0.926s] -- Up-to-date: /home/naoki/ros2_ws/install/person_msgs/share/ament_index/resource_index/packages/person_msgs
[0.927s] -- Up-to-date: /home/naoki/ros2_ws/install/person_msgs/share/person_msgs/cmake/person_msgs__rosidl_generator_cExport.cmake
[0.928s] -- Up-to-date: /home/naoki/ros2_ws/install/person_msgs/share/person_msgs/cmake/person_msgs__rosidl_generator_cExport-noconfig.cmake
[0.928s] -- Up-to-date: /home/naoki/ros2_ws/install/person_msgs/share/person_msgs/cmake/person_msgs__rosidl_typesupport_introspection_cExport.cmake
[0.928s] -- Up-to-date: /home/naoki/ros2_ws/install/person_msgs/share/person_msgs/cmake/person_msgs__rosidl_typesupport_introspection_cExport-noconfig.cmake
[0.929s] -- Up-to-date: /home/naoki/ros2_ws/install/person_msgs/share/person_msgs/cmake/person_msgs__rosidl_typesupport_cExport.cmake
[0.929s] -- Up-to-date: /home/naoki/ros2_ws/install/person_msgs/share/person_msgs/cmake/person_msgs__rosidl_typesupport_cExport-noconfig.cmake
[0.929s] -- Up-to-date: /home/naoki/ros2_ws/install/person_msgs/share/person_msgs/cmake/person_msgs__rosidl_generator_cppExport.cmake
[0.930s] -- Up-to-date: /home/naoki/ros2_ws/install/person_msgs/share/person_msgs/cmake/person_msgs__rosidl_typesupport_introspection_cppExport.cmake
[0.930s] -- Up-to-date: /home/naoki/ros2_ws/install/person_msgs/share/person_msgs/cmake/person_msgs__rosidl_typesupport_introspection_cppExport-noconfig.cmake
[0.930s] -- Up-to-date: /home/naoki/ros2_ws/install/person_msgs/share/person_msgs/cmake/person_msgs__rosidl_typesupport_cppExport.cmake
[0.931s] -- Up-to-date: /home/naoki/ros2_ws/install/person_msgs/share/person_msgs/cmake/person_msgs__rosidl_typesupport_cppExport-noconfig.cmake
[0.931s] -- Up-to-date: /home/naoki/ros2_ws/install/person_msgs/share/person_msgs/cmake/rosidl_cmake-extras.cmake
[0.931s] -- Up-to-date: /home/naoki/ros2_ws/install/person_msgs/share/person_msgs/cmake/ament_cmake_export_dependencies-extras.cmake
[0.931s] -- Up-to-date: /home/naoki/ros2_ws/install/person_msgs/share/person_msgs/cmake/ament_cmake_export_libraries-extras.cmake
[0.931s] -- Up-to-date: /home/naoki/ros2_ws/install/person_msgs/share/person_msgs/cmake/ament_cmake_export_targets-extras.cmake
[0.931s] -- Up-to-date: /home/naoki/ros2_ws/install/person_msgs/share/person_msgs/cmake/ament_cmake_export_include_directories-extras.cmake
[0.932s] -- Up-to-date: /home/naoki/ros2_ws/install/person_msgs/share/person_msgs/cmake/rosidl_cmake_export_typesupport_libraries-extras.cmake
[0.932s] -- Up-to-date: /home/naoki/ros2_ws/install/person_msgs/share/person_msgs/cmake/rosidl_cmake_export_typesupport_targets-extras.cmake
[0.932s] -- Up-to-date: /home/naoki/ros2_ws/install/person_msgs/share/person_msgs/cmake/person_msgsConfig.cmake
[0.932s] -- Up-to-date: /home/naoki/ros2_ws/install/person_msgs/share/person_msgs/cmake/person_msgsConfig-version.cmake
[0.932s] -- Up-to-date: /home/naoki/ros2_ws/install/person_msgs/share/person_msgs/package.xml
[0.934s] Invoked command in '/home/naoki/ros2_ws/build/person_msgs' returned '0': CMAKE_PREFIX_PATH=${CMAKE_PREFIX_PATH}:/home/naoki/ros2_ws/install/mypkg:/opt/ros/foxy /usr/bin/cmake --install /home/naoki/ros2_ws/build/person_msgs
