[0.308s] Invoking command in '/home/naoki/ros2_ws/build/person_msgs': CMAKE_PREFIX_PATH=${CMAKE_PREFIX_PATH}:/home/naoki/ros2_ws/install/mypkg:/opt/ros/foxy /usr/bin/cmake --build /home/naoki/ros2_ws/build/person_msgs -- -j12 -l12
[0.553s] [  3%] Built target person_msgs__cpp
[0.575s] [ 12%] Built target person_msgs__rosidl_generator_c
[0.618s] [ 22%] Built target person_msgs__rosidl_typesupport_introspection_cpp
[0.627s] [ 32%] Built target person_msgs__rosidl_typesupport_cpp
[0.634s] [ 41%] Built target person_msgs__rosidl_typesupport_c
[0.638s] [ 51%] Built target person_msgs__rosidl_typesupport_introspection_c
[0.651s] [ 61%] Built target person_msgs__rosidl_typesupport_fastrtps_cpp
[0.692s] [ 70%] Built target person_msgs__rosidl_typesupport_fastrtps_c
[0.720s] [ 70%] Built target person_msgs
[0.755s] [ 74%] Built target person_msgs__py
[0.794s] [ 80%] Built target person_msgs__python
[0.840s] [ 87%] Built target person_msgs__rosidl_typesupport_c__pyext
[0.841s] [ 93%] Built target person_msgs__rosidl_typesupport_introspection_c__pyext
[0.842s] [100%] Built target person_msgs__rosidl_typesupport_fastrtps_c__pyext
[0.861s] Invoked command in '/home/naoki/ros2_ws/build/person_msgs' returned '0': CMAKE_PREFIX_PATH=${CMAKE_PREFIX_PATH}:/home/naoki/ros2_ws/install/mypkg:/opt/ros/foxy /usr/bin/cmake --build /home/naoki/ros2_ws/build/person_msgs -- -j12 -l12
[0.949s] Invoking command in '/home/naoki/ros2_ws/build/person_msgs': CMAKE_PREFIX_PATH=${CMAKE_PREFIX_PATH}:/home/naoki/ros2_ws/install/mypkg:/opt/ros/foxy /usr/bin/cmake --install /home/naoki/ros2_ws/build/person_msgs
[0.962s] -- Install configuration: ""
[0.962s] -- Up-to-date: /home/naoki/ros2_ws/install/person_msgs/share/ament_index/resource_index/rosidl_interfaces/person_msgs
[0.962s] -- Up-to-date: /home/naoki/ros2_ws/install/person_msgs/include/person_msgs
[0.963s] -- Up-to-date: /home/naoki/ros2_ws/install/person_msgs/include/person_msgs/msg
[0.963s] -- Up-to-date: /home/naoki/ros2_ws/install/person_msgs/include/person_msgs/msg/detail
[0.963s] -- Up-to-date: /home/naoki/ros2_ws/install/person_msgs/include/person_msgs/msg/detail/person__functions.h
[0.964s] -- Up-to-date: /home/naoki/ros2_ws/install/person_msgs/include/person_msgs/msg/detail/person__struct.h
[0.964s] -- Up-to-date: /home/naoki/ros2_ws/install/person_msgs/include/person_msgs/msg/detail/person__functions.c
[0.964s] -- Up-to-date: /home/naoki/ros2_ws/install/person_msgs/include/person_msgs/msg/detail/person__type_support.h
[0.964s] -- Up-to-date: /home/naoki/ros2_ws/install/person_msgs/include/person_msgs/msg/rosidl_generator_c__visibility_control.h
[0.964s] -- Up-to-date: /home/naoki/ros2_ws/install/person_msgs/include/person_msgs/msg/person.h
[0.964s] -- Up-to-date: /home/naoki/ros2_ws/install/person_msgs/share/person_msgs/environment/library_path.sh
[0.964s] -- Up-to-date: /home/naoki/ros2_ws/install/person_msgs/share/person_msgs/environment/library_path.dsv
[0.965s] -- Up-to-date: /home/naoki/ros2_ws/install/person_msgs/lib/libperson_msgs__rosidl_generator_c.so
[0.966s] -- Up-to-date: /home/naoki/ros2_ws/install/person_msgs/include/person_msgs
[0.966s] -- Up-to-date: /home/naoki/ros2_ws/install/person_msgs/include/person_msgs/msg
[0.966s] -- Up-to-date: /home/naoki/ros2_ws/install/person_msgs/include/person_msgs/msg/detail
[0.967s] -- Up-to-date: /home/naoki/ros2_ws/install/person_msgs/include/person_msgs/msg/detail/person__rosidl_typesupport_fastrtps_c.h
[0.967s] -- Up-to-date: /home/naoki/ros2_ws/install/person_msgs/include/person_msgs/msg/rosidl_typesupport_fastrtps_c__visibility_control.h
[0.969s] -- Up-to-date: /home/naoki/ros2_ws/install/person_msgs/lib/libperson_msgs__rosidl_typesupport_fastrtps_c.so
[0.969s] -- Up-to-date: /home/naoki/ros2_ws/install/person_msgs/include/person_msgs
[0.970s] -- Up-to-date: /home/naoki/ros2_ws/install/person_msgs/include/person_msgs/msg
[0.970s] -- Up-to-date: /home/naoki/ros2_ws/install/person_msgs/include/person_msgs/msg/detail
[0.971s] -- Up-to-date: /home/naoki/ros2_ws/install/person_msgs/include/person_msgs/msg/detail/dds_fastrtps
[0.971s] -- Up-to-date: /home/naoki/ros2_ws/install/person_msgs/include/person_msgs/msg/detail/person__rosidl_typesupport_fastrtps_cpp.hpp
[0.971s] -- Up-to-date: /home/naoki/ros2_ws/install/person_msgs/include/person_msgs/msg/rosidl_typesupport_fastrtps_cpp__visibility_control.h
[0.973s] -- Up-to-date: /home/naoki/ros2_ws/install/person_msgs/lib/libperson_msgs__rosidl_typesupport_fastrtps_cpp.so
[0.974s] -- Up-to-date: /home/naoki/ros2_ws/install/person_msgs/include/person_msgs
[0.974s] -- Up-to-date: /home/naoki/ros2_ws/install/person_msgs/include/person_msgs/msg
[0.974s] -- Up-to-date: /home/naoki/ros2_ws/install/person_msgs/include/person_msgs/msg/detail
[0.974s] -- Up-to-date: /home/naoki/ros2_ws/install/person_msgs/include/person_msgs/msg/detail/person__rosidl_typesupport_introspection_c.h
[0.974s] -- Up-to-date: /home/naoki/ros2_ws/install/person_msgs/include/person_msgs/msg/detail/person__type_support.c
[0.975s] -- Up-to-date: /home/naoki/ros2_ws/install/person_msgs/include/person_msgs/msg/rosidl_typesupport_introspection_c__visibility_control.h
[0.976s] -- Up-to-date: /home/naoki/ros2_ws/install/person_msgs/lib/libperson_msgs__rosidl_typesupport_introspection_c.so
[0.977s] -- Up-to-date: /home/naoki/ros2_ws/install/person_msgs/lib/libperson_msgs__rosidl_typesupport_c.so
[0.978s] -- Up-to-date: /home/naoki/ros2_ws/install/person_msgs/include/person_msgs
[0.979s] -- Up-to-date: /home/naoki/ros2_ws/install/person_msgs/include/person_msgs/msg
[0.979s] -- Up-to-date: /home/naoki/ros2_ws/install/person_msgs/include/person_msgs/msg/detail
[0.979s] -- Up-to-date: /home/naoki/ros2_ws/install/person_msgs/include/person_msgs/msg/detail/person__builder.hpp
[0.979s] -- Up-to-date: /home/naoki/ros2_ws/install/person_msgs/include/person_msgs/msg/detail/person__traits.hpp
[0.979s] -- Up-to-date: /home/naoki/ros2_ws/install/person_msgs/include/person_msgs/msg/detail/person__struct.hpp
[0.980s] -- Up-to-date: /home/naoki/ros2_ws/install/person_msgs/include/person_msgs/msg/detail/person__type_support.hpp
[0.980s] -- Up-to-date: /home/naoki/ros2_ws/install/person_msgs/include/person_msgs/msg/rosidl_generator_cpp__visibility_control.hpp
[0.980s] -- Up-to-date: /home/naoki/ros2_ws/install/person_msgs/include/person_msgs/msg/person.hpp
[0.981s] -- Up-to-date: /home/naoki/ros2_ws/install/person_msgs/include/person_msgs
[0.981s] -- Up-to-date: /home/naoki/ros2_ws/install/person_msgs/include/person_msgs/msg
[0.981s] -- Up-to-date: /home/naoki/ros2_ws/install/person_msgs/include/person_msgs/msg/detail
[0.981s] -- Up-to-date: /home/naoki/ros2_ws/install/person_msgs/include/person_msgs/msg/detail/person__type_support.cpp
[0.982s] -- Up-to-date: /home/naoki/ros2_ws/install/person_msgs/include/person_msgs/msg/detail/person__rosidl_typesupport_introspection_cpp.hpp
[0.982s] -- Up-to-date: /home/naoki/ros2_ws/install/person_msgs/lib/libperson_msgs__rosidl_typesupport_introspection_cpp.so
[0.984s] -- Up-to-date: /home/naoki/ros2_ws/install/person_msgs/lib/libperson_msgs__rosidl_typesupport_cpp.so
[0.984s] -- Up-to-date: /home/naoki/ros2_ws/install/person_msgs/share/person_msgs/environment/pythonpath.sh
[0.985s] -- Up-to-date: /home/naoki/ros2_ws/install/person_msgs/share/person_msgs/environment/pythonpath.dsv
[0.985s] -- Up-to-date: /home/naoki/ros2_ws/install/person_msgs/lib/python3.8/site-packages/person_msgs/__init__.py
[1.035s] -- Up-to-date: /home/naoki/ros2_ws/install/person_msgs/lib/python3.8/site-packages/person_msgs/msg
[1.035s] -- Up-to-date: /home/naoki/ros2_ws/install/person_msgs/lib/python3.8/site-packages/person_msgs/msg/_person_s.c
[1.036s] -- Up-to-date: /home/naoki/ros2_ws/install/person_msgs/lib/python3.8/site-packages/person_msgs/msg/_person.py
[1.036s] -- Up-to-date: /home/naoki/ros2_ws/install/person_msgs/lib/python3.8/site-packages/person_msgs/msg/__init__.py
[1.037s] -- Up-to-date: /home/naoki/ros2_ws/install/person_msgs/lib/python3.8/site-packages/person_msgs/person_msgs_s__rosidl_typesupport_fastrtps_c.cpython-38-x86_64-linux-gnu.so
[1.039s] -- Up-to-date: /home/naoki/ros2_ws/install/person_msgs/lib/python3.8/site-packages/person_msgs/person_msgs_s__rosidl_typesupport_introspection_c.cpython-38-x86_64-linux-gnu.so
[1.041s] -- Up-to-date: /home/naoki/ros2_ws/install/person_msgs/lib/python3.8/site-packages/person_msgs/person_msgs_s__rosidl_typesupport_c.cpython-38-x86_64-linux-gnu.so
[1.043s] -- Up-to-date: /home/naoki/ros2_ws/install/person_msgs/lib/libperson_msgs__python.so
[1.044s] -- Up-to-date: /home/naoki/ros2_ws/install/person_msgs/share/person_msgs/msg/Person.idl
[1.044s] -- Up-to-date: /home/naoki/ros2_ws/install/person_msgs/share/person_msgs/msg/Person.msg
[1.044s] -- Up-to-date: /home/naoki/ros2_ws/install/person_msgs/share/ament_index/resource_index/package_run_dependencies/person_msgs
[1.045s] -- Up-to-date: /home/naoki/ros2_ws/install/person_msgs/share/ament_index/resource_index/parent_prefix_path/person_msgs
[1.045s] -- Up-to-date: /home/naoki/ros2_ws/install/person_msgs/share/person_msgs/environment/ament_prefix_path.sh
[1.045s] -- Up-to-date: /home/naoki/ros2_ws/install/person_msgs/share/person_msgs/environment/ament_prefix_path.dsv
[1.046s] -- Up-to-date: /home/naoki/ros2_ws/install/person_msgs/share/person_msgs/environment/path.sh
[1.046s] -- Up-to-date: /home/naoki/ros2_ws/install/person_msgs/share/person_msgs/environment/path.dsv
[1.046s] -- Up-to-date: /home/naoki/ros2_ws/install/person_msgs/share/person_msgs/local_setup.bash
[1.046s] -- Up-to-date: /home/naoki/ros2_ws/install/person_msgs/share/person_msgs/local_setup.sh
[1.046s] -- Up-to-date: /home/naoki/ros2_ws/install/person_msgs/share/person_msgs/local_setup.zsh
[1.046s] -- Up-to-date: /home/naoki/ros2_ws/install/person_msgs/share/person_msgs/local_setup.dsv
[1.046s] -- Installing: /home/naoki/ros2_ws/install/person_msgs/share/person_msgs/package.dsv
[1.047s] -- Up-to-date: /home/naoki/ros2_ws/install/person_msgs/share/ament_index/resource_index/packages/person_msgs
[1.049s] -- Up-to-date: /home/naoki/ros2_ws/install/person_msgs/share/person_msgs/cmake/person_msgs__rosidl_generator_cExport.cmake
[1.049s] -- Up-to-date: /home/naoki/ros2_ws/install/person_msgs/share/person_msgs/cmake/person_msgs__rosidl_generator_cExport-noconfig.cmake
[1.050s] -- Up-to-date: /home/naoki/ros2_ws/install/person_msgs/share/person_msgs/cmake/person_msgs__rosidl_typesupport_introspection_cExport.cmake
[1.050s] -- Up-to-date: /home/naoki/ros2_ws/install/person_msgs/share/person_msgs/cmake/person_msgs__rosidl_typesupport_introspection_cExport-noconfig.cmake
[1.052s] -- Up-to-date: /home/naoki/ros2_ws/install/person_msgs/share/person_msgs/cmake/person_msgs__rosidl_typesupport_cExport.cmake
[1.052s] -- Up-to-date: /home/naoki/ros2_ws/install/person_msgs/share/person_msgs/cmake/person_msgs__rosidl_typesupport_cExport-noconfig.cmake
[1.053s] -- Up-to-date: /home/naoki/ros2_ws/install/person_msgs/share/person_msgs/cmake/person_msgs__rosidl_generator_cppExport.cmake
[1.055s] -- Up-to-date: /home/naoki/ros2_ws/install/person_msgs/share/person_msgs/cmake/person_msgs__rosidl_typesupport_introspection_cppExport.cmake
[1.055s] -- Up-to-date: /home/naoki/ros2_ws/install/person_msgs/share/person_msgs/cmake/person_msgs__rosidl_typesupport_introspection_cppExport-noconfig.cmake
[1.056s] -- Up-to-date: /home/naoki/ros2_ws/install/person_msgs/share/person_msgs/cmake/person_msgs__rosidl_typesupport_cppExport.cmake
[1.057s] -- Up-to-date: /home/naoki/ros2_ws/install/person_msgs/share/person_msgs/cmake/person_msgs__rosidl_typesupport_cppExport-noconfig.cmake
[1.057s] -- Up-to-date: /home/naoki/ros2_ws/install/person_msgs/share/person_msgs/cmake/rosidl_cmake-extras.cmake
[1.057s] -- Up-to-date: /home/naoki/ros2_ws/install/person_msgs/share/person_msgs/cmake/ament_cmake_export_dependencies-extras.cmake
[1.058s] -- Up-to-date: /home/naoki/ros2_ws/install/person_msgs/share/person_msgs/cmake/ament_cmake_export_libraries-extras.cmake
[1.058s] -- Up-to-date: /home/naoki/ros2_ws/install/person_msgs/share/person_msgs/cmake/ament_cmake_export_targets-extras.cmake
[1.058s] -- Up-to-date: /home/naoki/ros2_ws/install/person_msgs/share/person_msgs/cmake/ament_cmake_export_include_directories-extras.cmake
[1.059s] -- Up-to-date: /home/naoki/ros2_ws/install/person_msgs/share/person_msgs/cmake/rosidl_cmake_export_typesupport_libraries-extras.cmake
[1.059s] -- Up-to-date: /home/naoki/ros2_ws/install/person_msgs/share/person_msgs/cmake/rosidl_cmake_export_typesupport_targets-extras.cmake
[1.059s] -- Up-to-date: /home/naoki/ros2_ws/install/person_msgs/share/person_msgs/cmake/person_msgsConfig.cmake
[1.059s] -- Up-to-date: /home/naoki/ros2_ws/install/person_msgs/share/person_msgs/cmake/person_msgsConfig-version.cmake
[1.060s] -- Up-to-date: /home/naoki/ros2_ws/install/person_msgs/share/person_msgs/package.xml
[1.063s] Invoked command in '/home/naoki/ros2_ws/build/person_msgs' returned '0': CMAKE_PREFIX_PATH=${CMAKE_PREFIX_PATH}:/home/naoki/ros2_ws/install/mypkg:/opt/ros/foxy /usr/bin/cmake --install /home/naoki/ros2_ws/build/person_msgs
