[0.731s] Invoking command in '/home/naoki/ros2_ws/src/mypkg': PYTHONPATH=/home/naoki/ros2_ws/build/mypkg/prefix_override:/usr/lib/python3/dist-packages/colcon_core/task/python/colcon_distutils_commands:/home/naoki/ros2_ws/install/mypkg/lib/python3.8/site-packages:${PYTHONPATH} /usr/bin/python3 -W ignore:setup.py install is deprecated setup.py egg_info --egg-base ../../build/mypkg build --build-base /home/naoki/ros2_ws/build/mypkg/build install --record /home/naoki/ros2_ws/build/mypkg/install.log --install-scripts $base/lib/mypkg --single-version-externally-managed install_data
[0.957s] running egg_info
[0.958s] writing ../../build/mypkg/mypkg.egg-info/PKG-INFO
[0.959s] writing dependency_links to ../../build/mypkg/mypkg.egg-info/dependency_links.txt
[0.960s] writing entry points to ../../build/mypkg/mypkg.egg-info/entry_points.txt
[0.960s] writing requirements to ../../build/mypkg/mypkg.egg-info/requires.txt
[0.961s] writing top-level names to ../../build/mypkg/mypkg.egg-info/top_level.txt
[1.006s] reading manifest file '../../build/mypkg/mypkg.egg-info/SOURCES.txt'
[1.007s] writing manifest file '../../build/mypkg/mypkg.egg-info/SOURCES.txt'
[1.008s] running build
[1.008s] running build_py
[1.010s] copying mypkg/talker.py -> /home/naoki/ros2_ws/build/mypkg/build/lib/mypkg
[1.011s] running install
[1.011s] running install_lib
[1.012s] copying /home/naoki/ros2_ws/build/mypkg/build/lib/mypkg/talker.py -> /home/naoki/ros2_ws/install/mypkg/lib/python3.8/site-packages/mypkg
[1.013s] byte-compiling /home/naoki/ros2_ws/install/mypkg/lib/python3.8/site-packages/mypkg/talker.py to talker.cpython-38.pyc
[1.015s] running install_data
[1.015s] copying package.xml -> /home/naoki/ros2_ws/install/mypkg/share/mypkg
[1.016s] running install_egg_info
[1.019s] removing '/home/naoki/ros2_ws/install/mypkg/lib/python3.8/site-packages/mypkg-0.0.0-py3.8.egg-info' (and everything under it)
[1.019s] Copying ../../build/mypkg/mypkg.egg-info to /home/naoki/ros2_ws/install/mypkg/lib/python3.8/site-packages/mypkg-0.0.0-py3.8.egg-info
[1.020s] running install_scripts
[1.042s] Installing talker script to /home/naoki/ros2_ws/install/mypkg/lib/mypkg
[1.043s] writing list of installed files to '/home/naoki/ros2_ws/build/mypkg/install.log'
[1.070s] Invoked command in '/home/naoki/ros2_ws/src/mypkg' returned '0': PYTHONPATH=/home/naoki/ros2_ws/build/mypkg/prefix_override:/usr/lib/python3/dist-packages/colcon_core/task/python/colcon_distutils_commands:/home/naoki/ros2_ws/install/mypkg/lib/python3.8/site-packages:${PYTHONPATH} /usr/bin/python3 -W ignore:setup.py install is deprecated setup.py egg_info --egg-base ../../build/mypkg build --build-base /home/naoki/ros2_ws/build/mypkg/build install --record /home/naoki/ros2_ws/build/mypkg/install.log --install-scripts $base/lib/mypkg --single-version-externally-managed install_data
