[0.540s] Invoking command in '/home/naoki/ros2_ws/src/mypkg': PYTHONPATH=/home/naoki/ros2_ws/build/mypkg/prefix_override:/usr/lib/python3/dist-packages/colcon_core/task/python/colcon_distutils_commands:/home/naoki/ros2_ws/install/mypkg/lib/python3.8/site-packages:${PYTHONPATH} /usr/bin/python3 -W ignore:setup.py install is deprecated setup.py egg_info --egg-base ../../build/mypkg build --build-base /home/naoki/ros2_ws/build/mypkg/build install --record /home/naoki/ros2_ws/build/mypkg/install.log --install-scripts $base/lib/mypkg --single-version-externally-managed install_data
[0.661s] running egg_info
[0.664s] writing ../../build/mypkg/mypkg.egg-info/PKG-INFO
[0.664s] writing dependency_links to ../../build/mypkg/mypkg.egg-info/dependency_links.txt
[0.664s] writing entry points to ../../build/mypkg/mypkg.egg-info/entry_points.txt
[0.664s] writing requirements to ../../build/mypkg/mypkg.egg-info/requires.txt
[0.664s] writing top-level names to ../../build/mypkg/mypkg.egg-info/top_level.txt
[0.698s] reading manifest file '../../build/mypkg/mypkg.egg-info/SOURCES.txt'
[0.700s] writing manifest file '../../build/mypkg/mypkg.egg-info/SOURCES.txt'
[0.700s] running build
[0.700s] running build_py
[0.701s] running install
[0.701s] running install_lib
[0.703s] running install_data
[0.704s] running install_egg_info
[0.704s] removing '/home/naoki/ros2_ws/install/mypkg/lib/python3.8/site-packages/mypkg-0.0.0-py3.8.egg-info' (and everything under it)
[0.705s] Copying ../../build/mypkg/mypkg.egg-info to /home/naoki/ros2_ws/install/mypkg/lib/python3.8/site-packages/mypkg-0.0.0-py3.8.egg-info
[0.706s] running install_scripts
[0.720s] Installing listener script to /home/naoki/ros2_ws/install/mypkg/lib/mypkg
[0.720s] Installing talker script to /home/naoki/ros2_ws/install/mypkg/lib/mypkg
[0.720s] writing list of installed files to '/home/naoki/ros2_ws/build/mypkg/install.log'
[0.735s] Invoked command in '/home/naoki/ros2_ws/src/mypkg' returned '0': PYTHONPATH=/home/naoki/ros2_ws/build/mypkg/prefix_override:/usr/lib/python3/dist-packages/colcon_core/task/python/colcon_distutils_commands:/home/naoki/ros2_ws/install/mypkg/lib/python3.8/site-packages:${PYTHONPATH} /usr/bin/python3 -W ignore:setup.py install is deprecated setup.py egg_info --egg-base ../../build/mypkg build --build-base /home/naoki/ros2_ws/build/mypkg/build install --record /home/naoki/ros2_ws/build/mypkg/install.log --install-scripts $base/lib/mypkg --single-version-externally-managed install_data
