[0.173s] Invoking command in '/home/naoki/ros2_ws/build/person_msgs': CMAKE_PREFIX_PATH=/home/naoki/ros2_ws/install/mypkg:/opt/ros/foxy /usr/bin/cmake /home/naoki/ros2_ws/src/person_msgs -DCMAKE_INSTALL_PREFIX=/home/naoki/ros2_ws/install/person_msgs
[0.273s] -- Found ament_cmake: 0.9.12 (/opt/ros/foxy/share/ament_cmake/cmake)
[0.304s] -- Found PythonInterp: /usr/bin/python3 (found suitable version "3.8.10", minimum required is "3") 
[0.304s] -- Using PYTHON_EXECUTABLE: /usr/bin/python3
[0.457s] -- Found rosidl_default_generators: 1.0.1 (/opt/ros/foxy/share/rosidl_default_generators/cmake)
[0.461s] -- Using all available rosidl_typesupport_c: rosidl_typesupport_fastrtps_c;rosidl_typesupport_introspection_c
[0.465s] -- Found rosidl_adapter: 1.3.1 (/opt/ros/foxy/share/rosidl_adapter/cmake)
[1.958s] -- Using all available rosidl_typesupport_cpp: rosidl_typesupport_fastrtps_cpp;rosidl_typesupport_introspection_cpp
[1.999s] -- Found PythonInterp: /usr/bin/python3 (found version "3.8.10") 
[2.099s] -- Found ament_cmake_ros: 0.9.2 (/opt/ros/foxy/share/ament_cmake_ros/cmake)
[3.444s] -- Using all available rosidl_typesupport_c: rosidl_typesupport_fastrtps_c;rosidl_typesupport_introspection_c
[3.457s] -- Using all available rosidl_typesupport_cpp: rosidl_typesupport_fastrtps_cpp;rosidl_typesupport_introspection_cpp
[3.475s] -- Found PythonInterp: /usr/bin/python3 (found suitable version "3.8.10", minimum required is "3.5") 
[3.477s] -- Found python_cmake_module: 0.8.1 (/opt/ros/foxy/share/python_cmake_module/cmake)
[3.594s] -- Found PythonLibs: /usr/lib/x86_64-linux-gnu/libpython3.8.so (found suitable version "3.8.10", minimum required is "3.5") 
[3.594s] -- Using PYTHON_EXECUTABLE: /usr/bin/python3
[3.594s] -- Using PYTHON_INCLUDE_DIRS: /usr/include/python3.8
[3.594s] -- Using PYTHON_LIBRARIES: /usr/lib/x86_64-linux-gnu/libpython3.8.so
[3.616s] -- Found PythonExtra: .so  
[3.670s] -- Found ament_lint_auto: 0.9.8 (/opt/ros/foxy/share/ament_lint_auto/cmake)
[3.714s] -- Added test 'copyright' to check source files copyright and LICENSE
[3.721s] -- Added test 'lint_cmake' to check CMake code style
[3.723s] -- Added test 'xmllint' to check XML markup files
[3.729s] -- Configuring done
[3.782s] -- Generating done
[3.782s] -- Build files have been written to: /home/naoki/ros2_ws/build/person_msgs
[3.796s] Invoked command in '/home/naoki/ros2_ws/build/person_msgs' returned '0': CMAKE_PREFIX_PATH=/home/naoki/ros2_ws/install/mypkg:/opt/ros/foxy /usr/bin/cmake /home/naoki/ros2_ws/src/person_msgs -DCMAKE_INSTALL_PREFIX=/home/naoki/ros2_ws/install/person_msgs
[3.796s] Invoking command in '/home/naoki/ros2_ws/build/person_msgs': CMAKE_PREFIX_PATH=/home/naoki/ros2_ws/install/mypkg:/opt/ros/foxy /usr/bin/cmake --build /home/naoki/ros2_ws/build/person_msgs -- -j12 -l12
[3.830s] [35m[1mScanning dependencies of target person_msgs__cpp[0m
[3.831s] [  3%] [34m[1mGenerating C code for ROS interfaces[0m
[3.841s] [  6%] [34m[1mGenerating C++ code for ROS interfaces[0m
[4.031s] [  6%] Built target person_msgs__cpp
[4.033s] [35m[1mScanning dependencies of target person_msgs__rosidl_generator_c[0m
[4.040s] [  9%] [34m[1mGenerating C++ type support for eProsima Fast-RTPS[0m
[4.041s] [ 12%] [34m[1mGenerating C++ type support dispatch for ROS interfaces[0m
[4.043s] [ 16%] [34m[1mGenerating C++ introspection for ROS interfaces[0m
[4.068s] [ 19%] [32mBuilding C object CMakeFiles/person_msgs__rosidl_generator_c.dir/rosidl_generator_c/person_msgs/msg/detail/person__functions.c.o[0m
[4.235s] [35m[1mScanning dependencies of target person_msgs__rosidl_typesupport_cpp[0m
[4.235s] [ 22%] [32m[1mLinking C shared library libperson_msgs__rosidl_generator_c.so[0m
[4.253s] [ 25%] [32mBuilding CXX object CMakeFiles/person_msgs__rosidl_typesupport_cpp.dir/rosidl_typesupport_cpp/person_msgs/msg/person__type_support.cpp.o[0m
[4.258s] [35m[1mScanning dependencies of target person_msgs__rosidl_typesupport_introspection_cpp[0m
[4.265s] [35m[1mScanning dependencies of target person_msgs__rosidl_typesupport_fastrtps_cpp[0m
[4.273s] [ 29%] [32mBuilding CXX object CMakeFiles/person_msgs__rosidl_typesupport_introspection_cpp.dir/rosidl_typesupport_introspection_cpp/person_msgs/msg/detail/person__type_support.cpp.o[0m
[4.284s] [ 32%] [32mBuilding CXX object CMakeFiles/person_msgs__rosidl_typesupport_fastrtps_cpp.dir/rosidl_typesupport_fastrtps_cpp/person_msgs/msg/detail/dds_fastrtps/person__type_support.cpp.o[0m
[4.311s] [ 32%] Built target person_msgs__rosidl_generator_c
[4.320s] [ 35%] [34m[1mGenerating C type support dispatch for ROS interfaces[0m
[4.322s] [ 38%] [34m[1mGenerating C introspection for ROS interfaces[0m
[4.521s] [35m[1mScanning dependencies of target person_msgs__rosidl_typesupport_c[0m
[4.535s] [ 41%] [32mBuilding CXX object CMakeFiles/person_msgs__rosidl_typesupport_c.dir/rosidl_typesupport_c/person_msgs/msg/person__type_support.cpp.o[0m
[4.548s] [35m[1mScanning dependencies of target person_msgs__rosidl_typesupport_introspection_c[0m
[4.562s] [ 45%] [32mBuilding C object CMakeFiles/person_msgs__rosidl_typesupport_introspection_c.dir/rosidl_typesupport_introspection_c/person_msgs/msg/detail/person__type_support.c.o[0m
[4.584s] [ 48%] [32m[1mLinking CXX shared library libperson_msgs__rosidl_typesupport_c.so[0m
[4.591s] [ 51%] [32m[1mLinking C shared library libperson_msgs__rosidl_typesupport_introspection_c.so[0m
[4.644s] [ 54%] [32m[1mLinking CXX shared library libperson_msgs__rosidl_typesupport_cpp.so[0m
[4.647s] [ 54%] Built target person_msgs__rosidl_typesupport_introspection_c
[4.647s] [ 58%] [32m[1mLinking CXX shared library libperson_msgs__rosidl_typesupport_introspection_cpp.so[0m
[4.658s] [ 58%] Built target person_msgs__rosidl_typesupport_c
[4.701s] [ 58%] Built target person_msgs__rosidl_typesupport_cpp
[4.718s] [ 58%] Built target person_msgs__rosidl_typesupport_introspection_cpp
[4.765s] [ 61%] [32m[1mLinking CXX shared library libperson_msgs__rosidl_typesupport_fastrtps_cpp.so[0m
[4.846s] [ 61%] Built target person_msgs__rosidl_typesupport_fastrtps_cpp
[4.853s] [ 64%] [34m[1mGenerating C type support for eProsima Fast-RTPS[0m
[4.993s] [35m[1mScanning dependencies of target person_msgs__rosidl_typesupport_fastrtps_c[0m
[5.007s] [ 67%] [32mBuilding CXX object CMakeFiles/person_msgs__rosidl_typesupport_fastrtps_c.dir/rosidl_typesupport_fastrtps_c/person_msgs/msg/detail/person__type_support_c.cpp.o[0m
[5.234s] [ 70%] [32m[1mLinking CXX shared library libperson_msgs__rosidl_typesupport_fastrtps_c.so[0m
[5.310s] [ 70%] Built target person_msgs__rosidl_typesupport_fastrtps_c
[5.317s] [35m[1mScanning dependencies of target person_msgs[0m
[5.323s] [ 70%] Built target person_msgs
[5.330s] [35m[1mScanning dependencies of target person_msgs__py[0m
[5.338s] [ 74%] [34m[1mGenerating Python code for ROS interfaces[0m
[5.683s] [ 74%] Built target person_msgs__py
[5.689s] [35m[1mScanning dependencies of target person_msgs__python[0m
[5.733s] [ 77%] [32mBuilding C object CMakeFiles/person_msgs__python.dir/rosidl_generator_py/person_msgs/msg/_person_s.c.o[0m
[5.806s] [ 80%] [32m[1mLinking C shared library rosidl_generator_py/person_msgs/libperson_msgs__python.so[0m
[5.853s] [ 80%] Built target person_msgs__python
[5.864s] [35m[1mScanning dependencies of target person_msgs__rosidl_typesupport_introspection_c__pyext[0m
[5.864s] [35m[1mScanning dependencies of target person_msgs__rosidl_typesupport_fastrtps_c__pyext[0m
[5.875s] [35m[1mScanning dependencies of target person_msgs__rosidl_typesupport_c__pyext[0m
[5.895s] [ 83%] [32mBuilding C object CMakeFiles/person_msgs__rosidl_typesupport_c__pyext.dir/rosidl_generator_py/person_msgs/_person_msgs_s.ep.rosidl_typesupport_c.c.o[0m
[5.898s] [ 87%] [32mBuilding C object CMakeFiles/person_msgs__rosidl_typesupport_fastrtps_c__pyext.dir/rosidl_generator_py/person_msgs/_person_msgs_s.ep.rosidl_typesupport_fastrtps_c.c.o[0m
[5.913s] [ 90%] [32mBuilding C object CMakeFiles/person_msgs__rosidl_typesupport_introspection_c__pyext.dir/rosidl_generator_py/person_msgs/_person_msgs_s.ep.rosidl_typesupport_introspection_c.c.o[0m
[5.966s] [ 93%] [32m[1mLinking C shared library rosidl_generator_py/person_msgs/person_msgs_s__rosidl_typesupport_c.cpython-38-x86_64-linux-gnu.so[0m
[5.972s] [ 96%] [32m[1mLinking CXX shared library rosidl_generator_py/person_msgs/person_msgs_s__rosidl_typesupport_fastrtps_c.cpython-38-x86_64-linux-gnu.so[0m
[5.982s] [100%] [32m[1mLinking C shared library rosidl_generator_py/person_msgs/person_msgs_s__rosidl_typesupport_introspection_c.cpython-38-x86_64-linux-gnu.so[0m
[6.018s] [100%] Built target person_msgs__rosidl_typesupport_c__pyext
[6.032s] [100%] Built target person_msgs__rosidl_typesupport_introspection_c__pyext
[6.047s] [100%] Built target person_msgs__rosidl_typesupport_fastrtps_c__pyext
[6.055s] Invoked command in '/home/naoki/ros2_ws/build/person_msgs' returned '0': CMAKE_PREFIX_PATH=/home/naoki/ros2_ws/install/mypkg:/opt/ros/foxy /usr/bin/cmake --build /home/naoki/ros2_ws/build/person_msgs -- -j12 -l12
[6.096s] Invoking command in '/home/naoki/ros2_ws/build/person_msgs': CMAKE_PREFIX_PATH=/home/naoki/ros2_ws/install/mypkg:/opt/ros/foxy /usr/bin/cmake --install /home/naoki/ros2_ws/build/person_msgs
[6.102s] -- Install configuration: ""
[6.103s] -- Installing: /home/naoki/ros2_ws/install/person_msgs/share/ament_index/resource_index/rosidl_interfaces/person_msgs
[6.103s] -- Installing: /home/naoki/ros2_ws/install/person_msgs/include/person_msgs
[6.103s] -- Installing: /home/naoki/ros2_ws/install/person_msgs/include/person_msgs/msg
[6.103s] -- Installing: /home/naoki/ros2_ws/install/person_msgs/include/person_msgs/msg/detail
[6.104s] -- Installing: /home/naoki/ros2_ws/install/person_msgs/include/person_msgs/msg/detail/person__functions.h
[6.104s] -- Installing: /home/naoki/ros2_ws/install/person_msgs/include/person_msgs/msg/detail/person__struct.h
[6.104s] -- Installing: /home/naoki/ros2_ws/install/person_msgs/include/person_msgs/msg/detail/person__functions.c
[6.104s] -- Installing: /home/naoki/ros2_ws/install/person_msgs/include/person_msgs/msg/detail/person__type_support.h
[6.104s] -- Installing: /home/naoki/ros2_ws/install/person_msgs/include/person_msgs/msg/rosidl_generator_c__visibility_control.h
[6.104s] -- Installing: /home/naoki/ros2_ws/install/person_msgs/include/person_msgs/msg/person.h
[6.105s] -- Installing: /home/naoki/ros2_ws/install/person_msgs/share/person_msgs/environment/library_path.sh
[6.106s] -- Installing: /home/naoki/ros2_ws/install/person_msgs/share/person_msgs/environment/library_path.dsv
[6.106s] -- Installing: /home/naoki/ros2_ws/install/person_msgs/lib/libperson_msgs__rosidl_generator_c.so
[6.107s] -- Set runtime path of "/home/naoki/ros2_ws/install/person_msgs/lib/libperson_msgs__rosidl_generator_c.so" to ""
[6.107s] -- Up-to-date: /home/naoki/ros2_ws/install/person_msgs/include/person_msgs
[6.107s] -- Up-to-date: /home/naoki/ros2_ws/install/person_msgs/include/person_msgs/msg
[6.107s] -- Up-to-date: /home/naoki/ros2_ws/install/person_msgs/include/person_msgs/msg/detail
[6.107s] -- Installing: /home/naoki/ros2_ws/install/person_msgs/include/person_msgs/msg/detail/person__rosidl_typesupport_fastrtps_c.h
[6.107s] -- Installing: /home/naoki/ros2_ws/install/person_msgs/include/person_msgs/msg/rosidl_typesupport_fastrtps_c__visibility_control.h
[6.107s] -- Installing: /home/naoki/ros2_ws/install/person_msgs/lib/libperson_msgs__rosidl_typesupport_fastrtps_c.so
[6.107s] -- Set runtime path of "/home/naoki/ros2_ws/install/person_msgs/lib/libperson_msgs__rosidl_typesupport_fastrtps_c.so" to ""
[6.107s] -- Up-to-date: /home/naoki/ros2_ws/install/person_msgs/include/person_msgs
[6.107s] -- Up-to-date: /home/naoki/ros2_ws/install/person_msgs/include/person_msgs/msg
[6.107s] -- Up-to-date: /home/naoki/ros2_ws/install/person_msgs/include/person_msgs/msg/detail
[6.107s] -- Installing: /home/naoki/ros2_ws/install/person_msgs/include/person_msgs/msg/detail/dds_fastrtps
[6.107s] -- Installing: /home/naoki/ros2_ws/install/person_msgs/include/person_msgs/msg/detail/person__rosidl_typesupport_fastrtps_cpp.hpp
[6.107s] -- Installing: /home/naoki/ros2_ws/install/person_msgs/include/person_msgs/msg/rosidl_typesupport_fastrtps_cpp__visibility_control.h
[6.108s] -- Installing: /home/naoki/ros2_ws/install/person_msgs/lib/libperson_msgs__rosidl_typesupport_fastrtps_cpp.so
[6.108s] -- Set runtime path of "/home/naoki/ros2_ws/install/person_msgs/lib/libperson_msgs__rosidl_typesupport_fastrtps_cpp.so" to ""
[6.108s] -- Up-to-date: /home/naoki/ros2_ws/install/person_msgs/include/person_msgs
[6.108s] -- Up-to-date: /home/naoki/ros2_ws/install/person_msgs/include/person_msgs/msg
[6.108s] -- Up-to-date: /home/naoki/ros2_ws/install/person_msgs/include/person_msgs/msg/detail
[6.108s] -- Installing: /home/naoki/ros2_ws/install/person_msgs/include/person_msgs/msg/detail/person__rosidl_typesupport_introspection_c.h
[6.108s] -- Installing: /home/naoki/ros2_ws/install/person_msgs/include/person_msgs/msg/detail/person__type_support.c
[6.108s] -- Installing: /home/naoki/ros2_ws/install/person_msgs/include/person_msgs/msg/rosidl_typesupport_introspection_c__visibility_control.h
[6.108s] -- Installing: /home/naoki/ros2_ws/install/person_msgs/lib/libperson_msgs__rosidl_typesupport_introspection_c.so
[6.108s] -- Set runtime path of "/home/naoki/ros2_ws/install/person_msgs/lib/libperson_msgs__rosidl_typesupport_introspection_c.so" to ""
[6.108s] -- Installing: /home/naoki/ros2_ws/install/person_msgs/lib/libperson_msgs__rosidl_typesupport_c.so
[6.108s] -- Set runtime path of "/home/naoki/ros2_ws/install/person_msgs/lib/libperson_msgs__rosidl_typesupport_c.so" to ""
[6.108s] -- Up-to-date: /home/naoki/ros2_ws/install/person_msgs/include/person_msgs
[6.109s] -- Up-to-date: /home/naoki/ros2_ws/install/person_msgs/include/person_msgs/msg
[6.109s] -- Up-to-date: /home/naoki/ros2_ws/install/person_msgs/include/person_msgs/msg/detail
[6.109s] -- Installing: /home/naoki/ros2_ws/install/person_msgs/include/person_msgs/msg/detail/person__builder.hpp
[6.109s] -- Installing: /home/naoki/ros2_ws/install/person_msgs/include/person_msgs/msg/detail/person__traits.hpp
[6.109s] -- Installing: /home/naoki/ros2_ws/install/person_msgs/include/person_msgs/msg/detail/person__struct.hpp
[6.109s] -- Installing: /home/naoki/ros2_ws/install/person_msgs/include/person_msgs/msg/detail/person__type_support.hpp
[6.109s] -- Installing: /home/naoki/ros2_ws/install/person_msgs/include/person_msgs/msg/rosidl_generator_cpp__visibility_control.hpp
[6.109s] -- Installing: /home/naoki/ros2_ws/install/person_msgs/include/person_msgs/msg/person.hpp
[6.109s] -- Up-to-date: /home/naoki/ros2_ws/install/person_msgs/include/person_msgs
[6.109s] -- Up-to-date: /home/naoki/ros2_ws/install/person_msgs/include/person_msgs/msg
[6.109s] -- Up-to-date: /home/naoki/ros2_ws/install/person_msgs/include/person_msgs/msg/detail
[6.109s] -- Installing: /home/naoki/ros2_ws/install/person_msgs/include/person_msgs/msg/detail/person__type_support.cpp
[6.110s] -- Installing: /home/naoki/ros2_ws/install/person_msgs/include/person_msgs/msg/detail/person__rosidl_typesupport_introspection_cpp.hpp
[6.110s] -- Installing: /home/naoki/ros2_ws/install/person_msgs/lib/libperson_msgs__rosidl_typesupport_introspection_cpp.so
[6.110s] -- Set runtime path of "/home/naoki/ros2_ws/install/person_msgs/lib/libperson_msgs__rosidl_typesupport_introspection_cpp.so" to ""
[6.110s] -- Installing: /home/naoki/ros2_ws/install/person_msgs/lib/libperson_msgs__rosidl_typesupport_cpp.so
[6.111s] -- Set runtime path of "/home/naoki/ros2_ws/install/person_msgs/lib/libperson_msgs__rosidl_typesupport_cpp.so" to ""
[6.111s] -- Installing: /home/naoki/ros2_ws/install/person_msgs/share/person_msgs/environment/pythonpath.sh
[6.111s] -- Installing: /home/naoki/ros2_ws/install/person_msgs/share/person_msgs/environment/pythonpath.dsv
[6.111s] -- Installing: /home/naoki/ros2_ws/install/person_msgs/lib/python3.8/site-packages/person_msgs/__init__.py
[6.135s] Compiling '/home/naoki/ros2_ws/install/person_msgs/lib/python3.8/site-packages/person_msgs/__init__.py'...
[6.138s] -- Installing: /home/naoki/ros2_ws/install/person_msgs/lib/python3.8/site-packages/person_msgs/msg
[6.138s] -- Installing: /home/naoki/ros2_ws/install/person_msgs/lib/python3.8/site-packages/person_msgs/msg/_person_s.c
[6.138s] -- Installing: /home/naoki/ros2_ws/install/person_msgs/lib/python3.8/site-packages/person_msgs/msg/_person.py
[6.138s] -- Installing: /home/naoki/ros2_ws/install/person_msgs/lib/python3.8/site-packages/person_msgs/msg/__init__.py
[6.138s] -- Installing: /home/naoki/ros2_ws/install/person_msgs/lib/python3.8/site-packages/person_msgs/person_msgs_s__rosidl_typesupport_fastrtps_c.cpython-38-x86_64-linux-gnu.so
[6.139s] -- Set runtime path of "/home/naoki/ros2_ws/install/person_msgs/lib/python3.8/site-packages/person_msgs/person_msgs_s__rosidl_typesupport_fastrtps_c.cpython-38-x86_64-linux-gnu.so" to ""
[6.139s] -- Installing: /home/naoki/ros2_ws/install/person_msgs/lib/python3.8/site-packages/person_msgs/person_msgs_s__rosidl_typesupport_introspection_c.cpython-38-x86_64-linux-gnu.so
[6.139s] -- Set runtime path of "/home/naoki/ros2_ws/install/person_msgs/lib/python3.8/site-packages/person_msgs/person_msgs_s__rosidl_typesupport_introspection_c.cpython-38-x86_64-linux-gnu.so" to ""
[6.140s] -- Installing: /home/naoki/ros2_ws/install/person_msgs/lib/python3.8/site-packages/person_msgs/person_msgs_s__rosidl_typesupport_c.cpython-38-x86_64-linux-gnu.so
[6.140s] -- Set runtime path of "/home/naoki/ros2_ws/install/person_msgs/lib/python3.8/site-packages/person_msgs/person_msgs_s__rosidl_typesupport_c.cpython-38-x86_64-linux-gnu.so" to ""
[6.140s] -- Installing: /home/naoki/ros2_ws/install/person_msgs/lib/libperson_msgs__python.so
[6.140s] -- Set runtime path of "/home/naoki/ros2_ws/install/person_msgs/lib/libperson_msgs__python.so" to ""
[6.141s] -- Installing: /home/naoki/ros2_ws/install/person_msgs/share/person_msgs/msg/Person.idl
[6.141s] -- Installing: /home/naoki/ros2_ws/install/person_msgs/share/person_msgs/msg/Person.msg
[6.141s] -- Installing: /home/naoki/ros2_ws/install/person_msgs/share/ament_index/resource_index/package_run_dependencies/person_msgs
[6.141s] -- Installing: /home/naoki/ros2_ws/install/person_msgs/share/ament_index/resource_index/parent_prefix_path/person_msgs
[6.141s] -- Installing: /home/naoki/ros2_ws/install/person_msgs/share/person_msgs/environment/ament_prefix_path.sh
[6.142s] -- Installing: /home/naoki/ros2_ws/install/person_msgs/share/person_msgs/environment/ament_prefix_path.dsv
[6.142s] -- Installing: /home/naoki/ros2_ws/install/person_msgs/share/person_msgs/environment/path.sh
[6.142s] -- Installing: /home/naoki/ros2_ws/install/person_msgs/share/person_msgs/environment/path.dsv
[6.142s] -- Installing: /home/naoki/ros2_ws/install/person_msgs/share/person_msgs/local_setup.bash
[6.142s] -- Installing: /home/naoki/ros2_ws/install/person_msgs/share/person_msgs/local_setup.sh
[6.142s] -- Installing: /home/naoki/ros2_ws/install/person_msgs/share/person_msgs/local_setup.zsh
[6.142s] -- Installing: /home/naoki/ros2_ws/install/person_msgs/share/person_msgs/local_setup.dsv
[6.142s] -- Installing: /home/naoki/ros2_ws/install/person_msgs/share/person_msgs/package.dsv
[6.143s] -- Installing: /home/naoki/ros2_ws/install/person_msgs/share/ament_index/resource_index/packages/person_msgs
[6.143s] -- Installing: /home/naoki/ros2_ws/install/person_msgs/share/person_msgs/cmake/person_msgs__rosidl_generator_cExport.cmake
[6.143s] -- Installing: /home/naoki/ros2_ws/install/person_msgs/share/person_msgs/cmake/person_msgs__rosidl_generator_cExport-noconfig.cmake
[6.143s] -- Installing: /home/naoki/ros2_ws/install/person_msgs/share/person_msgs/cmake/person_msgs__rosidl_typesupport_introspection_cExport.cmake
[6.143s] -- Installing: /home/naoki/ros2_ws/install/person_msgs/share/person_msgs/cmake/person_msgs__rosidl_typesupport_introspection_cExport-noconfig.cmake
[6.143s] -- Installing: /home/naoki/ros2_ws/install/person_msgs/share/person_msgs/cmake/person_msgs__rosidl_typesupport_cExport.cmake
[6.143s] -- Installing: /home/naoki/ros2_ws/install/person_msgs/share/person_msgs/cmake/person_msgs__rosidl_typesupport_cExport-noconfig.cmake
[6.144s] -- Installing: /home/naoki/ros2_ws/install/person_msgs/share/person_msgs/cmake/person_msgs__rosidl_generator_cppExport.cmake
[6.144s] -- Installing: /home/naoki/ros2_ws/install/person_msgs/share/person_msgs/cmake/person_msgs__rosidl_typesupport_introspection_cppExport.cmake
[6.144s] -- Installing: /home/naoki/ros2_ws/install/person_msgs/share/person_msgs/cmake/person_msgs__rosidl_typesupport_introspection_cppExport-noconfig.cmake
[6.144s] -- Installing: /home/naoki/ros2_ws/install/person_msgs/share/person_msgs/cmake/person_msgs__rosidl_typesupport_cppExport.cmake
[6.145s] -- Installing: /home/naoki/ros2_ws/install/person_msgs/share/person_msgs/cmake/person_msgs__rosidl_typesupport_cppExport-noconfig.cmake
[6.145s] -- Installing: /home/naoki/ros2_ws/install/person_msgs/share/person_msgs/cmake/rosidl_cmake-extras.cmake
[6.145s] -- Installing: /home/naoki/ros2_ws/install/person_msgs/share/person_msgs/cmake/ament_cmake_export_dependencies-extras.cmake
[6.145s] -- Installing: /home/naoki/ros2_ws/install/person_msgs/share/person_msgs/cmake/ament_cmake_export_libraries-extras.cmake
[6.145s] -- Installing: /home/naoki/ros2_ws/install/person_msgs/share/person_msgs/cmake/ament_cmake_export_targets-extras.cmake
[6.146s] -- Installing: /home/naoki/ros2_ws/install/person_msgs/share/person_msgs/cmake/ament_cmake_export_include_directories-extras.cmake
[6.146s] -- Installing: /home/naoki/ros2_ws/install/person_msgs/share/person_msgs/cmake/rosidl_cmake_export_typesupport_libraries-extras.cmake
[6.146s] -- Installing: /home/naoki/ros2_ws/install/person_msgs/share/person_msgs/cmake/rosidl_cmake_export_typesupport_targets-extras.cmake
[6.146s] -- Installing: /home/naoki/ros2_ws/install/person_msgs/share/person_msgs/cmake/person_msgsConfig.cmake
[6.146s] -- Installing: /home/naoki/ros2_ws/install/person_msgs/share/person_msgs/cmake/person_msgsConfig-version.cmake
[6.146s] -- Installing: /home/naoki/ros2_ws/install/person_msgs/share/person_msgs/package.xml
[6.149s] Invoked command in '/home/naoki/ros2_ws/build/person_msgs' returned '0': CMAKE_PREFIX_PATH=/home/naoki/ros2_ws/install/mypkg:/opt/ros/foxy /usr/bin/cmake --install /home/naoki/ros2_ws/build/person_msgs
